2025-03-23 12:49:11 - Requête reçue : {"action":"getAllUsers"}
2025-03-23 12:49:11 - Requête reçue : {"action":"getProfile","userId":"1"}
2025-03-23 12:49:42 - Requête reçue : {
    "action": "getAllUsers"
}
2025-03-23 12:53:13 - Requête reçue : {"action":"getAllUsers"}
2025-03-23 12:53:13 - Requête reçue : {"action":"getProfile","userId":"1"}
2025-03-23 12:59:17 - Requête reçue : {"action":"getAllUsers"}
2025-03-23 12:59:17 - Requête reçue : {"action":"getProfile","userId":"1"}
2025-03-23 12:59:47 - Requête reçue : {"action":"getAllUsers"}
2025-03-23 12:59:47 - Requête reçue : {"action":"getProfile","userId":"1"}
2025-03-23 13:00:27 - Requête reçue : {"action":"logout"}
2025-03-23 13:00:28 - Requête reçue : {"action":"getAllUsers"}
2025-03-23 13:00:33 - Requête reçue : {"action":"login","email":"hmfouad@yahoo.fr","password":"123"}
2025-03-23 13:00:35 - Requête reçue : {"action":"getAllUsers"}
2025-03-23 13:00:35 - Requête reçue : {"action":"getProfile","userId":"3"}
2025-03-23 14:46:39 - Requête reçue : {"action":"getAllUsers"}
2025-03-23 14:46:39 - Requête reçue : {"action":"getProfile","userId":"3"}
2025-03-23 14:46:43 - Requête reçue : {"action":"logout"}
2025-03-23 14:46:45 - Requête reçue : {"action":"getAllUsers"}
2025-03-23 14:46:49 - Requête reçue : {"action":"login","email":"bouguerra.abbes@outlook.fr","password":"123"}
2025-03-23 14:46:50 - Requête reçue : {"action":"getAllUsers"}
2025-03-23 14:46:51 - Requête reçue : {"action":"getProfile","userId":"1"}
2025-03-23 14:56:26 - Requête reçue : {"action":"logout"}
2025-03-23 14:56:28 - Requête reçue : {"action":"getAllUsers"}
2025-03-23 14:56:33 - Requête reçue : {"action":"login","email":"bouguerra.abbes@outlook.fr","password":"123"}
2025-03-23 14:56:35 - Requête reçue : {"action":"getAllUsers"}
2025-03-23 14:56:35 - Requête reçue : {"action":"getProfile","userId":"1"}
2025-03-23 15:09:47 - Requête reçue : {"action":"getAllUsers"}
2025-03-23 15:09:47 - Requête reçue : {"action":"getProfile","userId":"1"}
2025-03-23 15:11:53 - Requête reçue : {"action":"getAllUsers"}
2025-03-23 15:11:53 - Requête reçue : {"action":"getProfile","userId":"1"}
2025-03-23 15:12:46 - Requête reçue : {"action":"getAllUsers"}
2025-03-23 15:12:46 - Requête reçue : {"action":"getProfile","userId":"1"}
2025-03-23 15:12:51 - Requête reçue : {"action":"logout"}
2025-03-23 15:12:53 - Requête reçue : {"action":"getAllUsers"}
2025-03-23 15:12:58 - Requête reçue : {"action":"login","email":"sunylie@gmail.com","password":"123"}
2025-03-23 15:13:08 - Requête reçue : {"action":"login","email":"sunylie@gmail.com","password":"123"}
2025-03-23 15:13:12 - Requête reçue : {"action":"getAllUsers"}
2025-03-23 15:13:16 - Requête reçue : {"action":"login","email":"bouguerra.abbes@outlook.fr","password":"123"}
2025-03-23 15:13:52 - Requête reçue : {
    "action": "getAllUsers"
}
2025-03-23 15:21:12 - Requête reçue : {"action":"getAllUsers"}
2025-03-23 15:21:42 - Requête reçue : {"action":"getAllUsers"}
2025-03-23 15:21:53 - Requête reçue : {"action":"login","email":"bouguerra.abbes@outlook.fr","password":"123"}
2025-03-23 15:23:26 - Requête reçue : {"action":"getAllUsers"}
2025-03-23 15:24:49 - Requête reçue : {"action":"getAllUsers"}
2025-03-23 15:25:10 - Requête reçue : {"action":"login","email":"bouguerra.abbes@outlook.fr","password":"123"}
2025-03-23 15:25:11 - Requête reçue : {"action":"getAllUsers"}
2025-03-23 15:25:11 - Requête reçue : {"action":"getProfile","userId":"1"}
2025-03-23 15:27:20 - Requête reçue : {"action":"logout"}
2025-03-23 15:27:22 - Requête reçue : {"action":"getAllUsers"}
2025-03-23 16:00:19 - Requête reçue : {"action":"getAllUsers"}
2025-03-23 16:00:26 - Requête reçue : {"action":"login","email":"bouguerra.abbes@outlook.fr","password":"123"}
2025-03-23 16:00:28 - Requête reçue : {"action":"getAllUsers"}
2025-03-23 16:00:28 - Requête reçue : {"action":"getProfile","userId":"1"}
2025-03-23 16:01:23 - Requête reçue : {"action":"logout"}
2025-03-23 16:01:25 - Requête reçue : {"action":"getAllUsers"}
2025-03-23 16:03:01 - Requête reçue : {"action":"getAllUsers"}
2025-03-23 16:03:19 - Requête reçue : {"action":"login","email":"bouguerra.abbes@outlook.fr","password":"123"}
2025-03-23 16:03:20 - Requête reçue : {"action":"getAllUsers"}
2025-03-23 16:03:21 - Requête reçue : {"action":"getProfile","userId":"1"}
2025-03-23 16:03:35 - Requête reçue : {"action":"logout"}
2025-03-23 16:03:37 - Requête reçue : {"action":"getAllUsers"}
2025-03-23 16:06:38 - Requête reçue : {"action":"getAllUsers"}
2025-03-23 16:07:24 - Requête reçue : {"action":"getAllUsers"}
2025-03-23 16:08:19 - Requête reçue : {"action":"getAllUsers"}
2025-03-23 16:12:39 - Requête reçue : {"action":"getAllUsers"}
2025-03-23 16:12:39 - Requête reçue : {"action":"getAllUsers"}
2025-03-23 16:14:14 - Requête reçue : {"action":"getAllUsers"}
2025-03-23 16:14:58 - Requête reçue : {"action":"getAllUsers"}
2025-03-23 16:15:26 - Requête reçue : {"action":"getAllUsers"}
2025-03-23 16:15:32 - Requête reçue : {"action":"login","email":"hmfouad@yahoo.fr","password":"123"}
2025-03-23 16:15:34 - Requête reçue : {"action":"getAllUsers"}
2025-03-23 16:15:34 - Requête reçue : {"action":"getProfile","userId":"3"}
2025-03-23 16:15:39 - Requête reçue : {"action":"logout"}
2025-03-23 16:15:41 - Requête reçue : {"action":"getAllUsers"}
2025-03-23 16:17:28 - Requête reçue : {"action":"getAllUsers"}
2025-03-23 16:19:07 - Requête reçue : {"action":"login","email":"sunylie@gmail.com","password":"123"}
2025-03-23 16:19:09 - Requête reçue : {"action":"getAllUsers"}
2025-03-23 16:19:09 - Requête reçue : {"action":"getProfile","userId":"2"}
2025-03-23 16:21:22 - Requête reçue : {"action":"getAllUsers"}
2025-03-23 16:21:22 - Requête reçue : {"action":"getProfile","userId":"2"}
2025-03-23 16:21:25 - Requête reçue : {"action":"logout"}
2025-03-23 16:23:28 - Requête reçue : {
    "action": "getAllUsers"
}
2025-03-23 16:23:46 - Requête reçue : 
2025-03-23 16:24:27 - Requête reçue : {
    "action": "getAllUsers"
}
2025-03-23 16:24:32 - Requête reçue : {
    "action": "getAllUsers"
}
2025-03-23 16:24:33 - Requête reçue : {
    "action": "getAllUsers"
}
2025-03-23 16:25:14 - Requête reçue : {"action":"login","email":"bouguerra.abbes@outlook.fr","password":"123"}
2025-03-23 16:25:16 - Requête reçue : {"action":"getAllUsers"}
2025-03-23 16:25:16 - Requête reçue : {"action":"getProfile","userId":"1"}
2025-03-23 16:32:44 - Requête reçue : {"action":"logout"}
2025-03-23 16:33:00 - Requête reçue : {"action":"login","email":"bouguerra.abbes@outlook.fr","password":"123"}
2025-03-23 16:33:02 - Requête reçue : {"action":"getAllUsers"}
2025-03-23 16:33:02 - Requête reçue : {"action":"getProfile","userId":"1"}
2025-03-23 16:34:12 - Requête reçue : {"action":"login","email":"bouguerra.abbes@outlook.fr","password":"123"}
2025-03-23 16:34:14 - Requête reçue : {"action":"getAllUsers"}
2025-03-23 16:34:14 - Requête reçue : {"action":"getProfile","userId":"1"}
2025-03-23 16:34:26 - Requête reçue : {
    "action": "getAllUsers"
}
2025-03-23 16:37:02 - Requête reçue : {"action":"logout"}
2025-03-23 16:37:09 - Requête reçue : {"action":"login","email":"hmfouad@yahoo.fr","password":"123"}
2025-03-23 16:37:11 - Requête reçue : {"action":"getAllUsers"}
2025-03-23 16:37:11 - Requête reçue : {"action":"getProfile","userId":"3"}
2025-03-23 16:37:19 - Requête reçue : {"action":"logout"}
2025-03-23 16:37:25 - Requête reçue : {"action":"login","email":"bouguerra.abbes@outlook.fr","password":"123"}
2025-03-23 16:37:27 - Requête reçue : {"action":"getAllUsers"}
2025-03-23 16:37:27 - Requête reçue : {"action":"getProfile","userId":"1"}
2025-03-23 16:38:06 - Requête reçue : {
    "action": "getAllUsers"
}
2025-03-23 16:39:01 - Requête reçue : {"action":"login","email":"bouguerra.abbes@outlook.fr","password":"123"}
2025-03-23 16:44:02 - Requête reçue : {"action":"login","email":"bouguerra.abbes@outlook.fr","password":"123"}
2025-03-23 16:44:07 - Requête reçue : {"action":"login","email":"bouguerra.abbes@outlook.fr","password":"123"}
2025-03-23 16:44:12 - Requête reçue : {
    "action": "getAllUsers"
}
2025-03-23 16:44:42 - Requête reçue : {
    "action": "getAllUsers"
}
2025-03-23 16:45:43 - Requête reçue : {"action":"login","email":"bouguerra.abbes@outlook.fr","password":"123"}
2025-03-23 16:45:45 - Requête reçue : {"action":"getAllUsers"}
2025-03-23 16:45:45 - Requête reçue : {"action":"getProfile","userId":"1"}
2025-03-23 16:45:58 - Requête reçue : {
    "action": "getAllUsers"
}
2025-03-23 16:47:45 - Requête reçue : {"action":"login","email":"hmfouad@yahoo.fr","password":"123"}
2025-03-23 16:47:47 - Requête reçue : {"action":"getAllUsers"}
2025-03-23 16:47:47 - Requête reçue : {"action":"getProfile","userId":"3"}
2025-03-23 16:47:57 - Requête reçue : {"action":"login","email":"bouguerra.abbes@outlook.fr","password":"123"}
2025-03-23 16:47:59 - Requête reçue : {"action":"getAllUsers"}
2025-03-23 16:47:59 - Requête reçue : {"action":"getProfile","userId":"1"}
2025-03-23 16:48:22 - Requête reçue : {
    "action": "getAllUsers"
}
2025-03-23 16:48:34 - Requête reçue : {"action":"login","email":"bouguerra.abbes@outlook.fr","password":"123"}
2025-03-23 16:48:36 - Requête reçue : {"action":"getAllUsers"}
2025-03-23 16:48:36 - Requête reçue : {"action":"getProfile","userId":"1"}
2025-03-23 16:49:50 - Requête reçue : {"action":"login","email":"bouguerra.abbes@outlook.fr","password":"123"}
2025-03-23 16:49:52 - Requête reçue : {"action":"getAllUsers"}
2025-03-23 16:49:52 - Requête reçue : {"action":"getProfile","userId":"1"}
2025-03-23 16:51:14 - Requête reçue : {
    "action": "getAllUsers"
}
2025-03-23 16:55:25 - Requête reçue : {
    "action": "getAllUsers"
}
2025-03-23 16:56:01 - Requête reçue : {
    "action": "getAllUsers"
}
2025-03-23 16:56:11 - Requête reçue : {
    "action": "getAllUsers"
}
2025-03-23 16:58:16 - Requête reçue : {
    "action": "getAllUsers"
}
2025-03-23 16:58:24 - Requête reçue : {"action":"login","email":"bouguerra.abbes@outlook.fr","password":"123"}
2025-03-23 16:58:49 - Requête reçue : {
    "action": "getAllUsers"
}
2025-03-23 16:58:56 - Requête reçue : {"action":"login","email":"bouguerra.abbes@outlook.fr","password":"123"}
2025-03-23 16:59:04 - Requête reçue : {"action":"login","email":"bouguerra.abbes@outlook.fr","password":"123"}
2025-03-23 16:59:21 - Requête reçue : {
    "action": "getAllUsers"
}
2025-03-23 16:59:22 - Requête reçue : {
    "action": "getAllUsers"
}
2025-03-23 16:59:23 - Requête reçue : {
    "action": "getAllUsers"
}
2025-03-23 16:59:53 - Requête reçue : {
    "action": "getAllUsers"
}
2025-03-23 17:00:04 - Requête reçue : {"action":"login","email":"bouguerra.abbes@outlook.fr","password":"123"}
2025-03-23 17:00:06 - Requête reçue : {"action":"getAllUsers"}
2025-03-23 17:00:06 - Requête reçue : {"action":"getProfile","userId":"1"}
2025-03-23 17:03:33 - Requête reçue : {
    "action": "getAllUsers"
}
2025-03-23 17:06:26 - Requête reçue : {
    "action": "getAllUsers"
}
2025-03-23 17:07:48 - Requête reçue : {"action":"login","email":"bouguerra.abbes@outlook.fr","password":"123"}
2025-03-23 17:07:50 - Requête reçue : {"action":"getAllUsers"}
2025-03-23 17:07:50 - Requête reçue : {"action":"getProfile","userId":"1"}
2025-03-23 17:14:59 - Requête reçue : {"action":"getAllUsers"}
2025-03-23 17:15:00 - Requête reçue : {"action":"getProfile","userId":"1"}
2025-03-23 17:15:04 - Requête reçue : {"action":"logout"}
2025-03-23 17:15:06 - Requête reçue : {"action":"logout"}
2025-03-23 17:15:12 - Requête reçue : {"action":"logout"}
2025-03-23 17:15:13 - Requête reçue : {"action":"logout"}
2025-03-23 17:15:19 - Requête reçue : {
    "action": "getAllUsers"
}
2025-03-23 17:15:45 - Requête reçue : {"action":"getAllUsers"}
2025-03-23 17:15:45 - Requête reçue : {"action":"getProfile","userId":"1"}
2025-03-23 17:15:53 - Requête reçue : {"action":"login","email":"bouguerra.abbes@outlook.fr","password":"123"}
2025-03-23 17:15:54 - Requête reçue : {"action":"getAllUsers"}
2025-03-23 17:15:54 - Requête reçue : {"action":"getProfile","userId":"1"}
2025-03-23 17:16:01 - Requête reçue : {"action":"logout"}
2025-03-23 17:16:07 - Requête reçue : {"action":"login","email":"hmfouad@yahoo.fr","password":"123"}
2025-03-23 17:16:09 - Requête reçue : {"action":"getAllUsers"}
2025-03-23 17:16:09 - Requête reçue : {"action":"getProfile","userId":"3"}
2025-03-23 17:16:21 - Requête reçue : {"action":"login","email":"sunylie@gmail.com","password":"123"}
2025-03-23 17:16:23 - Requête reçue : {"action":"getAllUsers"}
2025-03-23 17:16:23 - Requête reçue : {"action":"getProfile","userId":"2"}
2025-03-23 17:16:43 - Requête reçue : {"action":"logout"}
2025-03-23 17:17:36 - Requête reçue : {
    "action": "getAllUsers"
}
2025-03-23 17:20:47 - Requête reçue : {"action":"login","email":"bouguerra.abbes@outlook.fr","password":"123"}
2025-03-23 17:20:49 - Requête reçue : {"action":"getAllUsers"}
2025-03-23 17:20:49 - Requête reçue : {"action":"getProfile","userId":"1"}
2025-03-23 17:20:52 - Requête reçue : {"action":"logout"}
2025-03-23 17:20:57 - Requête reçue : {"action":"login","email":"hmfouad@yahoo.fr","password":"123"}
2025-03-23 17:20:59 - Requête reçue : {"action":"getAllUsers"}
2025-03-23 17:20:59 - Requête reçue : {"action":"getProfile","userId":"3"}
2025-03-23 17:21:11 - Requête reçue : {"action":"logout"}
2025-03-23 17:21:18 - Requête reçue : {"action":"login","email":"sunylie@gmail.com","password":"123"}
2025-03-23 17:21:20 - Requête reçue : {"action":"getAllUsers"}
2025-03-23 17:21:20 - Requête reçue : {"action":"getProfile","userId":"2"}
2025-03-23 17:21:30 - Requête reçue : {
    "action": "getAllUsers"
}
