
[24-Mar-2025 15:14:34 Europe/Berlin] PHP Fatal error:  Uncaught PDOException: SQLSTATE[42S22]: Column not found: 1054 Unknown column 'mot_de_passe' in 'field list' in C:\xampp\htdocs\app\models\userModel.php:66
Stack trace:
#0 C:\xampp\htdocs\app\models\userModel.php(66): PDOStatement->execute(Array)
#1 C:\xampp\htdocs\app\controllers\userController.php(150): UserModel->registerUser('BONTE', 'Baptiste', 'bonte.baptiste@...', '123', 'user')
#2 C:\xampp\htdocs\public\api\userApi.php(7): require_once('C:\\xampp\\htdocs...')
#3 {main}
  thrown in C:\xampp\htdocs\app\models\userModel.php on line 66
[24-Mar-2025 15:34:23 Europe/Berlin] PHP Warning:  Undefined array key "annee_naissance" in C:\xampp\htdocs\app\controllers\userController.php on line 151
[24-Mar-2025 15:34:23 Europe/Berlin] PHP Warning:  Undefined array key "pseudo" in C:\xampp\htdocs\app\controllers\userController.php on line 151
[24-Mar-2025 15:34:23 Europe/Berlin] PHP Warning:  Undefined array key "genre" in C:\xampp\htdocs\app\controllers\userController.php on line 151
[25-Mar-2025 21:17:11 Europe/Berlin] PHP Fatal error:  Uncaught PDOException: SQLSTATE[42S22]: Column not found: 1054 Unknown column 'id' in 'field list' in C:\xampp\htdocs\app\controllers\userController.php:287
Stack trace:
#0 C:\xampp\htdocs\app\controllers\userController.php(287): PDOStatement->execute()
#1 C:\xampp\htdocs\public\api\userApi.php(7): require_once('C:\\xampp\\htdocs...')
#2 {main}
  thrown in C:\xampp\htdocs\app\controllers\userController.php on line 287
[26-Mar-2025 22:58:09 Europe/Berlin] PHP Fatal error:  Uncaught Error: Class "CommuneModel" not found in C:\xampp\htdocs\app\controllers\communeController.php:38
Stack trace:
#0 C:\xampp\htdocs\public\api\communeApi.php(4): require_once()
#1 {main}
  thrown in C:\xampp\htdocs\app\controllers\communeController.php on line 38
[26-Mar-2025 22:58:20 Europe/Berlin] PHP Fatal error:  Uncaught Error: Class "CommuneModel" not found in C:\xampp\htdocs\app\controllers\communeController.php:38
Stack trace:
#0 C:\xampp\htdocs\public\api\communeApi.php(4): require_once()
#1 {main}
  thrown in C:\xampp\htdocs\app\controllers\communeController.php on line 38
[26-Mar-2025 22:58:45 Europe/Berlin] PHP Fatal error:  Uncaught Error: Class "CommuneModel" not found in C:\xampp\htdocs\app\controllers\communeController.php:38
Stack trace:
#0 C:\xampp\htdocs\public\api\communeApi.php(4): require_once()
#1 {main}
  thrown in C:\xampp\htdocs\app\controllers\communeController.php on line 38
[27-Mar-2025 00:01:22 Europe/Berlin] PHP Fatal error:  Uncaught Error: Using $this when not in object context in C:\xampp\htdocs\app\controllers\communeController.php:93
Stack trace:
#0 C:\xampp\htdocs\public\api\communeApi.php(7): require_once()
#1 {main}
  thrown in C:\xampp\htdocs\app\controllers\communeController.php on line 93
[27-Mar-2025 00:04:27 Europe/Berlin] PHP Fatal error:  Uncaught Error: Using $this when not in object context in C:\xampp\htdocs\app\controllers\communeController.php:93
Stack trace:
#0 C:\xampp\htdocs\public\api\communeApi.php(7): require_once()
#1 {main}
  thrown in C:\xampp\htdocs\app\controllers\communeController.php on line 93
[27-Mar-2025 00:10:49 Europe/Berlin] PHP Warning:  Undefined property: MongoDB\Collection::$logDB in C:\xampp\htdocs\app\models\communeModel.php on line 15
[27-Mar-2025 00:10:49 Europe/Berlin] PHP Warning:  Attempt to read property "modificationCollection" on null in C:\xampp\htdocs\app\models\communeModel.php on line 15
[27-Mar-2025 00:10:49 Europe/Berlin] PHP Fatal error:  Uncaught Error: Using $this when not in object context in C:\xampp\htdocs\app\controllers\communeController.php:93
Stack trace:
#0 C:\xampp\htdocs\public\api\communeApi.php(7): require_once()
#1 {main}
  thrown in C:\xampp\htdocs\app\controllers\communeController.php on line 93
[27-Mar-2025 00:13:56 Europe/Berlin] PHP Warning:  Undefined property: MongoDB\Collection::$logDB in C:\xampp\htdocs\app\models\communeModel.php on line 15
[27-Mar-2025 00:13:56 Europe/Berlin] PHP Warning:  Attempt to read property "modificationCollection" on null in C:\xampp\htdocs\app\models\communeModel.php on line 15
[27-Mar-2025 00:13:56 Europe/Berlin] PHP Fatal error:  Uncaught Error: Using $this when not in object context in C:\xampp\htdocs\app\controllers\communeController.php:93
Stack trace:
#0 C:\xampp\htdocs\public\api\communeApi.php(7): require_once()
#1 {main}
  thrown in C:\xampp\htdocs\app\controllers\communeController.php on line 93
[27-Mar-2025 00:18:42 Europe/Berlin] PHP Fatal error:  Uncaught Error: Cannot use object of type MongoDB\Collection as array in C:\xampp\htdocs\app\models\communeModel.php:13
Stack trace:
#0 C:\xampp\htdocs\app\controllers\communeController.php(38): CommuneModel->__construct(Object(PDO), Object(MongoDB\Collection))
#1 C:\xampp\htdocs\public\api\communeApi.php(7): require_once('C:\\xampp\\htdocs...')
#2 {main}
  thrown in C:\xampp\htdocs\app\models\communeModel.php on line 13
[27-Mar-2025 00:18:55 Europe/Berlin] PHP Fatal error:  Uncaught Error: Cannot use object of type MongoDB\Collection as array in C:\xampp\htdocs\app\models\communeModel.php:13
Stack trace:
#0 C:\xampp\htdocs\app\controllers\communeController.php(38): CommuneModel->__construct(Object(PDO), Object(MongoDB\Collection))
#1 C:\xampp\htdocs\public\api\communeApi.php(7): require_once('C:\\xampp\\htdocs...')
#2 {main}
  thrown in C:\xampp\htdocs\app\models\communeModel.php on line 13
[27-Mar-2025 00:21:58 Europe/Berlin] PHP Fatal error:  Uncaught Error: Cannot use object of type MongoDB\Collection as array in C:\xampp\htdocs\app\models\communeModel.php:13
Stack trace:
#0 C:\xampp\htdocs\app\controllers\communeController.php(39): CommuneModel->__construct(Object(PDO), Object(MongoDB\Collection))
#1 C:\xampp\htdocs\public\api\communeApi.php(7): require_once('C:\\xampp\\htdocs...')
#2 {main}
  thrown in C:\xampp\htdocs\app\models\communeModel.php on line 13
[27-Mar-2025 00:22:12 Europe/Berlin] PHP Fatal error:  Uncaught Error: Cannot use object of type MongoDB\Collection as array in C:\xampp\htdocs\app\models\communeModel.php:13
Stack trace:
#0 C:\xampp\htdocs\app\controllers\communeController.php(39): CommuneModel->__construct(Object(PDO), Object(MongoDB\Collection))
#1 C:\xampp\htdocs\public\api\communeApi.php(7): require_once('C:\\xampp\\htdocs...')
#2 {main}
  thrown in C:\xampp\htdocs\app\models\communeModel.php on line 13
[27-Mar-2025 21:50:18 Europe/Berlin] PHP Fatal error:  Uncaught Error: Cannot use object of type MongoDB\Collection as array in C:\xampp\htdocs\app\models\communeModel.php:13
Stack trace:
#0 C:\xampp\htdocs\app\controllers\communeController.php(39): CommuneModel->__construct(Object(PDO), Object(MongoDB\Collection))
#1 C:\xampp\htdocs\public\api\communeApi.php(7): require_once('C:\\xampp\\htdocs...')
#2 {main}
  thrown in C:\xampp\htdocs\app\models\communeModel.php on line 13
[27-Mar-2025 21:50:22 Europe/Berlin] PHP Fatal error:  Uncaught Error: Cannot use object of type MongoDB\Collection as array in C:\xampp\htdocs\app\models\communeModel.php:13
Stack trace:
#0 C:\xampp\htdocs\app\controllers\communeController.php(39): CommuneModel->__construct(Object(PDO), Object(MongoDB\Collection))
#1 C:\xampp\htdocs\public\api\communeApi.php(7): require_once('C:\\xampp\\htdocs...')
#2 {main}
  thrown in C:\xampp\htdocs\app\models\communeModel.php on line 13
[27-Mar-2025 21:55:07 Europe/Berlin] PHP Fatal error:  Uncaught Error: Cannot use object of type MongoDB\Collection as array in C:\xampp\htdocs\app\models\communeModel.php:12
Stack trace:
#0 C:\xampp\htdocs\app\controllers\communeController.php(39): CommuneModel->__construct(Object(PDO), Object(MongoDB\Collection))
#1 C:\xampp\htdocs\public\api\communeApi.php(7): require_once('C:\\xampp\\htdocs...')
#2 {main}
  thrown in C:\xampp\htdocs\app\models\communeModel.php on line 12
[27-Mar-2025 21:58:33 Europe/Berlin] PHP Fatal error:  Uncaught Error: Using $this when not in object context in C:\xampp\htdocs\app\controllers\communeController.php:94
Stack trace:
#0 C:\xampp\htdocs\public\api\communeApi.php(7): require_once()
#1 {main}
  thrown in C:\xampp\htdocs\app\controllers\communeController.php on line 94
[27-Mar-2025 22:21:02 Europe/Berlin] PHP Fatal error:  Uncaught PDOException: SQLSTATE[HY093]: Invalid parameter number: number of bound variables does not match number of tokens in C:\xampp\htdocs\app\models\communeModel.php:92
Stack trace:
#0 C:\xampp\htdocs\app\models\communeModel.php(92): PDOStatement->execute(Array)
#1 C:\xampp\htdocs\app\controllers\communeController.php(111): CommuneModel->updateCommune(Array)
#2 C:\xampp\htdocs\public\api\communeApi.php(7): require_once('C:\\xampp\\htdocs...')
#3 {main}
  thrown in C:\xampp\htdocs\app\models\communeModel.php on line 92
[27-Mar-2025 22:29:42 Europe/Berlin] PHP Fatal error:  Uncaught PDOException: SQLSTATE[HY093]: Invalid parameter number: number of bound variables does not match number of tokens in C:\xampp\htdocs\app\models\communeModel.php:92
Stack trace:
#0 C:\xampp\htdocs\app\models\communeModel.php(92): PDOStatement->execute(Array)
#1 C:\xampp\htdocs\app\controllers\communeController.php(111): CommuneModel->updateCommune(Array)
#2 C:\xampp\htdocs\public\api\communeApi.php(7): require_once('C:\\xampp\\htdocs...')
#3 {main}
  thrown in C:\xampp\htdocs\app\models\communeModel.php on line 92
[27-Mar-2025 22:31:04 Europe/Berlin] PHP Fatal error:  Uncaught PDOException: SQLSTATE[HY093]: Invalid parameter number: number of bound variables does not match number of tokens in C:\xampp\htdocs\app\models\communeModel.php:95
Stack trace:
#0 C:\xampp\htdocs\app\models\communeModel.php(95): PDOStatement->execute(Array)
#1 C:\xampp\htdocs\app\controllers\communeController.php(111): CommuneModel->updateCommune(Array)
#2 C:\xampp\htdocs\public\api\communeApi.php(7): require_once('C:\\xampp\\htdocs...')
#3 {main}
  thrown in C:\xampp\htdocs\app\models\communeModel.php on line 95
[28-Mar-2025 17:12:42 Europe/Berlin] PHP Fatal error:  Uncaught PDOException: SQLSTATE[42S22]: Column not found: 1054 Unknown column 'mot_de_passe' in 'field list' in C:\xampp\htdocs\app\controllers\userController.php:306
Stack trace:
#0 C:\xampp\htdocs\app\controllers\userController.php(306): PDOStatement->execute(Array)
#1 C:\xampp\htdocs\public\api\userApi.php(7): require_once('C:\\xampp\\htdocs...')
#2 {main}
  thrown in C:\xampp\htdocs\app\controllers\userController.php on line 306
[28-Mar-2025 17:15:31 Europe/Berlin] PHP Warning:  Undefined array key "mot_de_passe" in C:\xampp\htdocs\app\controllers\userController.php on line 309
[28-Mar-2025 17:15:31 Europe/Berlin] PHP Deprecated:  password_verify(): Passing null to parameter #2 ($hash) of type string is deprecated in C:\xampp\htdocs\app\controllers\userController.php on line 309
[29-Mar-2025 18:39:19 Europe/Berlin] PHP Fatal error:  Uncaught Error: Class "PluModel" not found in C:\xampp\htdocs\app\controllers\pluController.php:37
Stack trace:
#0 C:\xampp\htdocs\public\api\pluApi.php(8): require_once()
#1 {main}
  thrown in C:\xampp\htdocs\app\controllers\pluController.php on line 37
[29-Mar-2025 23:48:25 Europe/Berlin] PHP Warning:  Constant DEBUG_LOG already defined in C:\xampp\htdocs\public\api\pluApi.php on line 16
[29-Mar-2025 23:49:01 Europe/Berlin] PHP Warning:  Constant DEBUG_LOG already defined in C:\xampp\htdocs\public\api\pluApi.php on line 16
[30-Mar-2025 23:03:29 Europe/Berlin] Données reçues : {"action":"getPluById","id_plu":"1"}
[30-Mar-2025 23:04:00 Europe/Berlin] Données reçues : {"action":"updatePlu","id_plu":"1","type_plu":"PLU","etat_plu":"En vigueur","date_plu":"12\/07\/2023","systeme_ass":"VALENCE","statut_zonage":"en attente","statut_pres":"en attente","date_annexion":"30\/05\/2025","lien_zonage":null,"lien_dhua":null,"observation_plu":"Abbes"}
[31-Mar-2025 20:19:15 Europe/Berlin] Données reçues : {"action":"updatePlu","id_plu":"1","type_plu":"PLU","etat_plu":"En vigueur","date_plu":"12\/07\/2023","systeme_ass":"VALENCE","statut_zonage":"en attente","statut_pres":"en attente","date_annexion":"","lien_zonage":"","lien_dhua":"","observation_plu":""}
[31-Mar-2025 22:43:18 Europe/Berlin] Données reçues : {"action":"updatePlu","id_plu":"1","type_plu":"PLU","etat_plu":"En vigueur","date_plu":"12\/07\/2023","systeme_ass":"VALENCE","statut_zonage":"en attente","statut_pres":"en attente","date_annexion":"31\/03\/2025","lien_zonage":"L:\\03 DT-DD\\02 Assainissement\\06_SUIVI_PATRIMONIAL\\8_ZONAGES_ASS_EPL\\ALIXAN","lien_dhua":"\\\\sysinfo.local\\src-data\\DirectionAgglo\\06 Inter-dep\\03 DT-DD\\08 Ressources suivi PLU\\26004_ALIXAN","observation_plu":""}
[31-Mar-2025 22:47:17 Europe/Berlin] Données reçues : {"action":"updatePlu","id_plu":"29","type_plu":"PLU","etat_plu":"En vigueur","date_plu":"07\/11\/2023","systeme_ass":"AUCUN","statut_zonage":"en attente","statut_pres":"en attente","date_annexion":"31\/03\/2025","lien_zonage":"L:\u00003 DT-DD\u00002 Assainissement\u00006_SUIVI_PATRIMONIAL8_ZONAGES_ASS_EPLMONTELEGER","lien_dhua":"\\sysinfo.localsrc-dataDirectionAgglo\u00006 Inter-dep\u00003 DT-DD\u00008 Ressources suivi PLU26196_MONTELEGER","observation_plu":"\nAbbes"}
[31-Mar-2025 22:50:52 Europe/Berlin] Données reçues : {"action":"updatePlu","id_plu":"29","type_plu":"PLU","etat_plu":"En vigueur","date_plu":"07\/11\/2023","systeme_ass":"AUCUN","statut_zonage":"en attente","statut_pres":"en attente","date_annexion":"31\/03\/2025","lien_zonage":"L:\u00003 DT-DD\u00002 Assainissement\u00006_SUIVI_PATRIMONIAL8_ZONAGES_ASS_EPLMONTELEGER","lien_dhua":"\\sysinfo.localsrc-dataDirectionAgglo\u00006 Inter-dep\u00003 DT-DD\u00008 Ressources suivi PLU26196_MONTELEGER","observation_plu":"\n"}
[31-Mar-2025 22:56:48 Europe/Berlin] Données reçues : {"action":"updatePlu","id_plu":"1","type_plu":"PLU","etat_plu":"En vigueur","date_plu":"12\/07\/2023","systeme_ass":"VALENCE","statut_zonage":"en attente","statut_pres":"en attente","date_annexion":"31\/03\/2025","lien_zonage":"L:\\03 DT-DD\\02 Assainissement\\06_SUIVI_PATRIMONIAL\\8_ZONAGES_ASS_EPL\\ALIXAN","lien_dhua":"\\\\sysinfo.local\\src-data\\DirectionAgglo\\06 Inter-dep\\03 DT-DD\\08 Ressources suivi PLU\\26004_ALIXAN","observation_plu":"Abbes"}
[31-Mar-2025 22:58:24 Europe/Berlin] Données reçues : {"action":"updatePlu","id_plu":"29","type_plu":"PLU","etat_plu":"En vigueur","date_plu":"07\/11\/2023","systeme_ass":"AUCUN","statut_zonage":"en attente","statut_pres":"en attente","date_annexion":"31\/03\/2025","lien_zonage":"L:\u00003 DT-DD\u00002 Assainissement\u00006_SUIVI_PATRIMONIAL8_ZONAGES_ASS_EPLMONTELEGER","lien_dhua":"\\sysinfo.localsrc-dataDirectionAgglo\u00006 Inter-dep\u00003 DT-DD\u00008 Ressources suivi PLU26196_MONTELEGER","observation_plu":"Abbes\n"}
[31-Mar-2025 23:20:18 Europe/Berlin] Données reçues : {"action":"updatePlu","id_plu":"1","type_plu":"PLU","etat_plu":"En vigueur","date_plu":"12\/07\/2023","systeme_ass":"VALENCE","statut_zonage":"en attente","statut_pres":"en attente","date_annexion":"31\/03\/2025","lien_zonage":"L:\\03 DT-DD\\02 Assainissement\\06_SUIVI_PATRIMONIAL\\8_ZONAGES_ASS_EPL\\ALIXAN","lien_dhua":"\\\\sysinfo.local\\src-data\\DirectionAgglo\\06 Inter-dep\\03 DT-DD\\08 Ressources suivi PLU\\26004_ALIXAN","observation_plu":""}
[31-Mar-2025 23:23:27 Europe/Berlin] Données reçues : {"action":"updatePlu","id_plu":"29","type_plu":"PLU","etat_plu":"En vigueur","date_plu":"07\/11\/2023","systeme_ass":"AUCUN","statut_zonage":"en attente","statut_pres":"en attente","date_annexion":"31\/03\/2025","lien_zonage":"L:\u00003 DT-DD\u00002 Assainissement\u00006_SUIVI_PATRIMONIAL8_ZONAGES_ASS_EPLMONTELEGER","lien_dhua":"\\sysinfo.localsrc-dataDirectionAgglo\u00006 Inter-dep\u00003 DT-DD\u00008 Ressources suivi PLU26196_MONTELEGER","observation_plu":"\n"}
[01-Apr-2025 22:53:59 Europe/Berlin] Données reçues : {"action":"updatePlu"}
